        -:    0:Source:/media/huyenbui117/D/AILab/tic-tac-toe/test/src/game_state_test.cpp
        -:    1:#include <gtest/gtest.h>
        -:    2:#include "tictactoe/game_state.h"
        -:    3:
        -:    4:class GameStateTest : public ::testing::Test
        -:    5:{
        -:    6:protected:
        -:    7:    // test get final message at the end of the game
function _ZN13GameStateTest19TestGetFinalMessageEv called 1 returned 100% blocks executed 26%
        1:    8:    void TestGetFinalMessage() { 
        1:    9:        state.finalScore = 1;
       2*:   10:        EXPECT_EQ(state.getFinalMessage(), "X wins");
call    0 returned 100%
branch  1 taken 100% (fallthrough)
branch  2 taken 0% (throw)
call    3 returned 100%
branch  4 taken 100% (fallthrough)
branch  5 taken 0% (throw)
call    6 returned 100%
branch  7 taken 0% (fallthrough)
branch  8 taken 100%
call    9 never executed
branch 10 never executed
branch 11 never executed
call   12 never executed
call   13 never executed
branch 14 never executed
branch 15 never executed
call   16 never executed
branch 17 never executed
branch 18 never executed
call   19 never executed
call   20 never executed
call   21 returned 100%
call   22 never executed
call   23 never executed
call   24 never executed
        1:   11:        state.finalScore = -1;
       2*:   12:        EXPECT_EQ(state.getFinalMessage(), "O wins");
call    0 returned 100%
branch  1 taken 100% (fallthrough)
branch  2 taken 0% (throw)
call    3 returned 100%
branch  4 taken 100% (fallthrough)
branch  5 taken 0% (throw)
call    6 returned 100%
branch  7 taken 0% (fallthrough)
branch  8 taken 100%
call    9 never executed
branch 10 never executed
branch 11 never executed
call   12 never executed
call   13 never executed
branch 14 never executed
branch 15 never executed
call   16 never executed
branch 17 never executed
branch 18 never executed
call   19 never executed
call   20 never executed
call   21 returned 100%
call   22 never executed
call   23 never executed
call   24 never executed
        1:   13:        state.finalScore = 0;
       2*:   14:        EXPECT_EQ(state.getFinalMessage(), "It is a draw");
call    0 returned 100%
branch  1 taken 100% (fallthrough)
branch  2 taken 0% (throw)
call    3 returned 100%
branch  4 taken 100% (fallthrough)
branch  5 taken 0% (throw)
call    6 returned 100%
branch  7 taken 0% (fallthrough)
branch  8 taken 100%
call    9 never executed
branch 10 never executed
branch 11 never executed
call   12 never executed
call   13 never executed
branch 14 never executed
branch 15 never executed
call   16 never executed
branch 17 never executed
branch 18 never executed
call   19 never executed
call   20 never executed
call   21 returned 100%
call   22 never executed
call   23 never executed
call   24 never executed
        1:   15:        state.finalScore = 2;
       2*:   16:        EXPECT_EQ(state.getFinalMessage(), "Unknown");
call    0 returned 100%
branch  1 taken 100% (fallthrough)
branch  2 taken 0% (throw)
call    3 returned 100%
branch  4 taken 100% (fallthrough)
branch  5 taken 0% (throw)
call    6 returned 100%
branch  7 taken 0% (fallthrough)
branch  8 taken 100%
call    9 never executed
branch 10 never executed
branch 11 never executed
call   12 never executed
call   13 never executed
branch 14 never executed
branch 15 never executed
call   16 never executed
branch 17 never executed
branch 18 never executed
call   19 never executed
call   20 never executed
call   21 returned 100%
call   22 never executed
call   23 never executed
call   24 never executed
        1:   17:    }
        -:   18:
        -:   19:    // test the initial state of the game
function _ZN13GameStateTest14TestPlayerTurnEv called 1 returned 100% blocks executed 22%
        1:   20:    void TestPlayerTurn() {
       1*:   21:        EXPECT_EQ(state.currentPlayer, 'X');
call    0 returned 100%
branch  1 taken 100% (fallthrough)
branch  2 taken 0% (throw)
call    3 returned 100%
branch  4 taken 0% (fallthrough)
branch  5 taken 100%
call    6 never executed
branch  7 never executed
branch  8 never executed
call    9 never executed
call   10 never executed
branch 11 never executed
branch 12 never executed
call   13 never executed
branch 14 never executed
branch 15 never executed
call   16 never executed
call   17 never executed
call   18 returned 100%
call   19 never executed
call   20 never executed
call   21 never executed
        1:   22:        state.currentPlayer = 'O';
       1*:   23:        EXPECT_EQ(state.currentPlayer, 'O');
call    0 returned 100%
branch  1 taken 100% (fallthrough)
branch  2 taken 0% (throw)
call    3 returned 100%
branch  4 taken 0% (fallthrough)
branch  5 taken 100%
call    6 never executed
branch  7 never executed
branch  8 never executed
call    9 never executed
call   10 never executed
branch 11 never executed
branch 12 never executed
call   13 never executed
branch 14 never executed
branch 15 never executed
call   16 never executed
call   17 never executed
call   18 returned 100%
call   19 never executed
call   20 never executed
call   21 never executed
        1:   24:    }
        -:   25:
        -:   26:    // test the initial state of the game
function _ZN13GameStateTest12TestGameStopEv called 1 returned 100% blocks executed 22%
        1:   27:    void TestGameStop() {
       1*:   28:        EXPECT_EQ(state.gameStop, false);
call    0 returned 100%
branch  1 taken 100% (fallthrough)
branch  2 taken 0% (throw)
call    3 returned 100%
branch  4 taken 0% (fallthrough)
branch  5 taken 100%
call    6 never executed
branch  7 never executed
branch  8 never executed
call    9 never executed
call   10 never executed
branch 11 never executed
branch 12 never executed
call   13 never executed
branch 14 never executed
branch 15 never executed
call   16 never executed
call   17 never executed
call   18 returned 100%
call   19 never executed
call   20 never executed
call   21 never executed
        1:   29:        state.gameStop = true;
       1*:   30:        EXPECT_EQ(state.gameStop, true);
call    0 returned 100%
branch  1 taken 100% (fallthrough)
branch  2 taken 0% (throw)
call    3 returned 100%
branch  4 taken 0% (fallthrough)
branch  5 taken 100%
call    6 never executed
branch  7 never executed
branch  8 never executed
call    9 never executed
call   10 never executed
branch 11 never executed
branch 12 never executed
call   13 never executed
branch 14 never executed
branch 15 never executed
call   16 never executed
call   17 never executed
call   18 returned 100%
call   19 never executed
call   20 never executed
call   21 never executed
        1:   31:    }
        -:   32:
        -:   33:    // test player turn at the beginning of the game
function _ZN13GameStateTest23TestPlayAndChangePlayerEv called 1 returned 100% blocks executed 25%
        1:   34:    void TestPlayAndChangePlayer() {
        1:   35:        state.playAndChangePlayer(0, 0);
call    0 returned 100%
       1*:   36:        EXPECT_EQ(state.s[0][0], 'X');
call    0 returned 100%
call    1 returned 100%
call    2 returned 100%
branch  3 taken 100% (fallthrough)
branch  4 taken 0% (throw)
call    5 returned 100%
branch  6 taken 0% (fallthrough)
branch  7 taken 100%
call    8 never executed
branch  9 never executed
branch 10 never executed
call   11 never executed
call   12 never executed
branch 13 never executed
branch 14 never executed
call   15 never executed
branch 16 never executed
branch 17 never executed
call   18 never executed
call   19 never executed
call   20 returned 100%
call   21 never executed
call   22 never executed
call   23 never executed
       1*:   37:        EXPECT_EQ(state.currentPlayer, 'O');
call    0 returned 100%
branch  1 taken 100% (fallthrough)
branch  2 taken 0% (throw)
call    3 returned 100%
branch  4 taken 0% (fallthrough)
branch  5 taken 100%
call    6 never executed
branch  7 never executed
branch  8 never executed
call    9 never executed
call   10 never executed
branch 11 never executed
branch 12 never executed
call   13 never executed
branch 14 never executed
branch 15 never executed
call   16 never executed
call   17 never executed
call   18 returned 100%
call   19 never executed
call   20 never executed
call   21 never executed
        1:   38:        state.playAndChangePlayer(0, 1);
call    0 returned 100%
       1*:   39:        EXPECT_EQ(state.s[0][1], 'O');
call    0 returned 100%
call    1 returned 100%
call    2 returned 100%
branch  3 taken 100% (fallthrough)
branch  4 taken 0% (throw)
call    5 returned 100%
branch  6 taken 0% (fallthrough)
branch  7 taken 100%
call    8 never executed
branch  9 never executed
branch 10 never executed
call   11 never executed
call   12 never executed
branch 13 never executed
branch 14 never executed
call   15 never executed
branch 16 never executed
branch 17 never executed
call   18 never executed
call   19 never executed
call   20 returned 100%
call   21 never executed
call   22 never executed
call   23 never executed
       1*:   40:        EXPECT_EQ(state.currentPlayer, 'X');
call    0 returned 100%
branch  1 taken 100% (fallthrough)
branch  2 taken 0% (throw)
call    3 returned 100%
branch  4 taken 0% (fallthrough)
branch  5 taken 100%
call    6 never executed
branch  7 never executed
branch  8 never executed
call    9 never executed
call   10 never executed
branch 11 never executed
branch 12 never executed
call   13 never executed
branch 14 never executed
branch 15 never executed
call   16 never executed
call   17 never executed
call   18 returned 100%
call   19 never executed
call   20 never executed
call   21 never executed
        1:   41:    }
        -:   42:
        -:   43:    // test terminal state
function _ZN13GameStateTest29TestCheckAndProcessFinalStateEv called 1 returned 100% blocks executed 37%
        1:   44:    void TestCheckAndProcessFinalState() {
        -:   45:        {
        2:   46:            GameState state1;
call    0 returned 100%
branch  1 taken 100% (fallthrough)
branch  2 taken 0% (throw)
call    3 returned 100%
call    4 never executed
        1:   47:            state1.s[0][0] = 'X'; state1.s[0][1] = 'X'; state1.s[0][2] = 'X';
call    0 returned 100%
call    1 returned 100%
call    2 returned 100%
call    3 returned 100%
call    4 returned 100%
call    5 returned 100%
        1:   48:            state1.s[1][0] = 'O'; state1.s[1][1] = 'O'; state1.s[1][2] = 'X';
call    0 returned 100%
call    1 returned 100%
call    2 returned 100%
call    3 returned 100%
call    4 returned 100%
call    5 returned 100%
        1:   49:            state1.s[2][0] = ' '; state1.s[2][1] = ' '; state1.s[2][2] = ' ';
call    0 returned 100%
call    1 returned 100%
call    2 returned 100%
call    3 returned 100%
call    4 returned 100%
call    5 returned 100%
       1*:   50:            EXPECT_EQ(state1.isFinalState(state1.s), true);
call    0 returned 100%
branch  1 taken 100% (fallthrough)
branch  2 taken 0% (throw)
call    3 returned 100%
branch  4 taken 100% (fallthrough)
branch  5 taken 0% (throw)
call    6 returned 100%
branch  7 taken 100% (fallthrough)
branch  8 taken 0% (throw)
call    9 returned 100%
call   10 returned 100%
branch 11 taken 0% (fallthrough)
branch 12 taken 100%
call   13 never executed
branch 14 never executed
branch 15 never executed
call   16 never executed
call   17 never executed
branch 18 never executed
branch 19 never executed
call   20 never executed
branch 21 never executed
branch 22 never executed
call   23 never executed
call   24 never executed
call   25 returned 100%
call   26 never executed
call   27 never executed
call   28 never executed
        1:   51:            state1.checkAndProcessFinalState();
call    0 returned 100%
branch  1 taken 100% (fallthrough)
branch  2 taken 0% (throw)
       1*:   52:            EXPECT_EQ(state1.finalScore, 1);
call    0 returned 100%
branch  1 taken 100% (fallthrough)
branch  2 taken 0% (throw)
call    3 returned 100%
branch  4 taken 0% (fallthrough)
branch  5 taken 100%
call    6 never executed
branch  7 never executed
branch  8 never executed
call    9 never executed
call   10 never executed
branch 11 never executed
branch 12 never executed
call   13 never executed
branch 14 never executed
branch 15 never executed
call   16 never executed
call   17 never executed
call   18 returned 100%
call   19 never executed
call   20 never executed
call   21 never executed
       1*:   53:            EXPECT_EQ(state1.gameStop, true);
call    0 returned 100%
branch  1 taken 100% (fallthrough)
branch  2 taken 0% (throw)
call    3 returned 100%
branch  4 taken 0% (fallthrough)
branch  5 taken 100%
call    6 never executed
branch  7 never executed
branch  8 never executed
call    9 never executed
call   10 never executed
branch 11 never executed
branch 12 never executed
call   13 never executed
branch 14 never executed
branch 15 never executed
call   16 never executed
call   17 never executed
call   18 returned 100%
call   19 never executed
call   20 never executed
call   21 never executed
        -:   54:        }
        -:   55:
        -:   56:        {
        2:   57:            GameState state1;
call    0 returned 100%
branch  1 taken 100% (fallthrough)
branch  2 taken 0% (throw)
call    3 returned 100%
call    4 never executed
        1:   58:            state1.s[0][0] = 'X'; state1.s[0][1] = 'X'; state1.s[0][2] = ' ';
call    0 returned 100%
call    1 returned 100%
call    2 returned 100%
call    3 returned 100%
call    4 returned 100%
call    5 returned 100%
        1:   59:            state1.s[1][0] = 'O'; state1.s[1][1] = 'O'; state1.s[1][2] = 'O';
call    0 returned 100%
call    1 returned 100%
call    2 returned 100%
call    3 returned 100%
call    4 returned 100%
call    5 returned 100%
        1:   60:            state1.s[2][0] = 'X'; state1.s[2][1] = ' '; state1.s[2][2] = ' ';
call    0 returned 100%
call    1 returned 100%
call    2 returned 100%
call    3 returned 100%
call    4 returned 100%
call    5 returned 100%
       1*:   61:            EXPECT_EQ(state1.isFinalState(state1.s), true);
call    0 returned 100%
branch  1 taken 100% (fallthrough)
branch  2 taken 0% (throw)
call    3 returned 100%
branch  4 taken 100% (fallthrough)
branch  5 taken 0% (throw)
call    6 returned 100%
branch  7 taken 100% (fallthrough)
branch  8 taken 0% (throw)
call    9 returned 100%
call   10 returned 100%
branch 11 taken 0% (fallthrough)
branch 12 taken 100%
call   13 never executed
branch 14 never executed
branch 15 never executed
call   16 never executed
call   17 never executed
branch 18 never executed
branch 19 never executed
call   20 never executed
branch 21 never executed
branch 22 never executed
call   23 never executed
call   24 never executed
call   25 returned 100%
call   26 never executed
call   27 never executed
call   28 never executed
        1:   62:            state1.checkAndProcessFinalState();
call    0 returned 100%
branch  1 taken 100% (fallthrough)
branch  2 taken 0% (throw)
       1*:   63:            EXPECT_EQ(state1.finalScore, -1);
call    0 returned 100%
branch  1 taken 100% (fallthrough)
branch  2 taken 0% (throw)
call    3 returned 100%
branch  4 taken 0% (fallthrough)
branch  5 taken 100%
call    6 never executed
branch  7 never executed
branch  8 never executed
call    9 never executed
call   10 never executed
branch 11 never executed
branch 12 never executed
call   13 never executed
branch 14 never executed
branch 15 never executed
call   16 never executed
call   17 never executed
call   18 returned 100%
call   19 never executed
call   20 never executed
call   21 never executed
       1*:   64:            EXPECT_EQ(state1.gameStop, true);
call    0 returned 100%
branch  1 taken 100% (fallthrough)
branch  2 taken 0% (throw)
call    3 returned 100%
branch  4 taken 0% (fallthrough)
branch  5 taken 100%
call    6 never executed
branch  7 never executed
branch  8 never executed
call    9 never executed
call   10 never executed
branch 11 never executed
branch 12 never executed
call   13 never executed
branch 14 never executed
branch 15 never executed
call   16 never executed
call   17 never executed
call   18 returned 100%
call   19 never executed
call   20 never executed
call   21 never executed
        -:   65:        }
        -:   66:
        -:   67:        {
        2:   68:            GameState state1;
call    0 returned 100%
branch  1 taken 100% (fallthrough)
branch  2 taken 0% (throw)
call    3 returned 100%
call    4 never executed
        1:   69:            state1.s[0][0] = 'X'; state1.s[0][1] = 'X'; state1.s[0][2] = 'O';
call    0 returned 100%
call    1 returned 100%
call    2 returned 100%
call    3 returned 100%
call    4 returned 100%
call    5 returned 100%
        1:   70:            state1.s[1][0] = 'O'; state1.s[1][1] = 'O'; state1.s[1][2] = 'X';
call    0 returned 100%
call    1 returned 100%
call    2 returned 100%
call    3 returned 100%
call    4 returned 100%
call    5 returned 100%
        1:   71:            state1.s[2][0] = 'X'; state1.s[2][1] = 'O'; state1.s[2][2] = 'X';
call    0 returned 100%
call    1 returned 100%
call    2 returned 100%
call    3 returned 100%
call    4 returned 100%
call    5 returned 100%
       1*:   72:            EXPECT_EQ(state1.isFinalState(state1.s), true);
call    0 returned 100%
branch  1 taken 100% (fallthrough)
branch  2 taken 0% (throw)
call    3 returned 100%
branch  4 taken 100% (fallthrough)
branch  5 taken 0% (throw)
call    6 returned 100%
branch  7 taken 100% (fallthrough)
branch  8 taken 0% (throw)
call    9 returned 100%
call   10 returned 100%
branch 11 taken 0% (fallthrough)
branch 12 taken 100%
call   13 never executed
branch 14 never executed
branch 15 never executed
call   16 never executed
call   17 never executed
branch 18 never executed
branch 19 never executed
call   20 never executed
branch 21 never executed
branch 22 never executed
call   23 never executed
call   24 never executed
call   25 returned 100%
call   26 never executed
call   27 never executed
call   28 never executed
        1:   73:            state1.checkAndProcessFinalState();
call    0 returned 100%
branch  1 taken 100% (fallthrough)
branch  2 taken 0% (throw)
       1*:   74:            EXPECT_EQ(state1.finalScore, 0);
call    0 returned 100%
branch  1 taken 100% (fallthrough)
branch  2 taken 0% (throw)
call    3 returned 100%
branch  4 taken 0% (fallthrough)
branch  5 taken 100%
call    6 never executed
branch  7 never executed
branch  8 never executed
call    9 never executed
call   10 never executed
branch 11 never executed
branch 12 never executed
call   13 never executed
branch 14 never executed
branch 15 never executed
call   16 never executed
call   17 never executed
call   18 returned 100%
call   19 never executed
call   20 never executed
call   21 never executed
       1*:   75:            EXPECT_EQ(state1.gameStop, true);
call    0 returned 100%
branch  1 taken 100% (fallthrough)
branch  2 taken 0% (throw)
call    3 returned 100%
branch  4 taken 0% (fallthrough)
branch  5 taken 100%
call    6 never executed
branch  7 never executed
branch  8 never executed
call    9 never executed
call   10 never executed
branch 11 never executed
branch 12 never executed
call   13 never executed
branch 14 never executed
branch 15 never executed
call   16 never executed
call   17 never executed
call   18 returned 100%
call   19 never executed
call   20 never executed
call   21 never executed
        -:   76:        }
        1:   77:    }
        -:   78:
function _ZN13GameStateTest10TestScreenEv called 1 returned 100% blocks executed 22%
        1:   79:    void TestScreen() {
       1*:   80:        EXPECT_EQ(state.playScreen, GameState::PlayScreen::PlayModeScreen);
call    0 returned 100%
branch  1 taken 100% (fallthrough)
branch  2 taken 0% (throw)
call    3 returned 100%
branch  4 taken 0% (fallthrough)
branch  5 taken 100%
call    6 never executed
branch  7 never executed
branch  8 never executed
call    9 never executed
call   10 never executed
branch 11 never executed
branch 12 never executed
call   13 never executed
branch 14 never executed
branch 15 never executed
call   16 never executed
call   17 never executed
call   18 returned 100%
call   19 never executed
call   20 never executed
call   21 never executed
        1:   81:        state.playScreen = GameState::PlayScreen::PlayingScreen;
       1*:   82:        EXPECT_EQ(state.playScreen, GameState::PlayScreen::PlayingScreen);
call    0 returned 100%
branch  1 taken 100% (fallthrough)
branch  2 taken 0% (throw)
call    3 returned 100%
branch  4 taken 0% (fallthrough)
branch  5 taken 100%
call    6 never executed
branch  7 never executed
branch  8 never executed
call    9 never executed
call   10 never executed
branch 11 never executed
branch 12 never executed
call   13 never executed
branch 14 never executed
branch 15 never executed
call   16 never executed
call   17 never executed
call   18 returned 100%
call   19 never executed
call   20 never executed
call   21 never executed
        1:   83:    }
        -:   84:    
function _ZN13GameStateTest19TestScoreFinalStateEv called 1 returned 100% blocks executed 59%
        1:   85:    void TestScoreFinalState() {
        -:   86:        {
        2:   87:            GameState state1;
call    0 returned 100%
branch  1 taken 100% (fallthrough)
branch  2 taken 0% (throw)
call    3 returned 100%
call    4 never executed
        1:   88:            state.s[0][0] = 'X'; state1.s[0][1] = 'X'; state1.s[0][2] = 'X';
call    0 returned 100%
call    1 returned 100%
call    2 returned 100%
call    3 returned 100%
call    4 returned 100%
call    5 returned 100%
        1:   89:            state.s[1][0] = 'X'; state1.s[1][1] = 'O'; state1.s[1][2] = 'O';
call    0 returned 100%
call    1 returned 100%
call    2 returned 100%
call    3 returned 100%
call    4 returned 100%
call    5 returned 100%
        1:   90:            state.s[2][0] = 'O'; state1.s[2][1] = ' '; state1.s[2][2] = ' ';
call    0 returned 100%
call    1 returned 100%
call    2 returned 100%
call    3 returned 100%
call    4 returned 100%
call    5 returned 100%
        1:   91:            EXPECT_EQ(state1.getScoreFinalState(state1.s), 1);
call    0 returned 100%
branch  1 taken 100% (fallthrough)
branch  2 taken 0% (throw)
call    3 returned 100%
branch  4 taken 100% (fallthrough)
branch  5 taken 0% (throw)
call    6 returned 100%
branch  7 taken 100% (fallthrough)
branch  8 taken 0% (throw)
call    9 returned 100%
call   10 returned 100%
branch 11 taken 100% (fallthrough)
branch 12 taken 0%
call   13 returned 100%
branch 14 taken 100% (fallthrough)
branch 15 taken 0% (throw)
call   16 returned 100%
call   17 returned 100%
branch 18 taken 100% (fallthrough)
branch 19 taken 0% (throw)
call   20 returned 100%
branch 21 taken 100% (fallthrough)
branch 22 taken 0% (throw)
call   23 returned 100%
call   24 returned 100%
call   25 returned 100%
call   26 never executed
call   27 never executed
call   28 never executed
        -:   92:        }        {
        2:   93:            GameState state1;
call    0 returned 100%
branch  1 taken 100% (fallthrough)
branch  2 taken 0% (throw)
call    3 returned 100%
call    4 never executed
        1:   94:            state1.s[0][0] = 'X'; state1.s[0][1] = 'O'; state1.s[0][2] = 'X';
call    0 returned 100%
call    1 returned 100%
call    2 returned 100%
call    3 returned 100%
call    4 returned 100%
call    5 returned 100%
        1:   95:            state1.s[1][0] = 'X'; state1.s[1][1] = 'O'; state1.s[1][2] = 'O';
call    0 returned 100%
call    1 returned 100%
call    2 returned 100%
call    3 returned 100%
call    4 returned 100%
call    5 returned 100%
        1:   96:            state1.s[2][0] = 'X'; state1.s[2][1] = ' '; state1.s[2][2] = ' ';
call    0 returned 100%
call    1 returned 100%
call    2 returned 100%
call    3 returned 100%
call    4 returned 100%
call    5 returned 100%
       1*:   97:            EXPECT_EQ(state1.getScoreFinalState(state1.s), 1);
call    0 returned 100%
branch  1 taken 100% (fallthrough)
branch  2 taken 0% (throw)
call    3 returned 100%
branch  4 taken 100% (fallthrough)
branch  5 taken 0% (throw)
call    6 returned 100%
branch  7 taken 100% (fallthrough)
branch  8 taken 0% (throw)
call    9 returned 100%
call   10 returned 100%
branch 11 taken 0% (fallthrough)
branch 12 taken 100%
call   13 never executed
branch 14 never executed
branch 15 never executed
call   16 never executed
call   17 never executed
branch 18 never executed
branch 19 never executed
call   20 never executed
branch 21 never executed
branch 22 never executed
call   23 never executed
call   24 never executed
call   25 returned 100%
call   26 never executed
call   27 never executed
call   28 never executed
        -:   98:        }
        1:   99:    }
        -:  100:
        -:  101:private:
        -:  102:    GameState state;
        -:  103:};
        -:  104:
        2:  105:TEST_F(GameStateTest, getFinalMessage) {
        1:  106:    TestGetFinalMessage();
        1:  107:}
------------------
_ZN34GameStateTest_getFinalMessage_Test8TestBodyEv:
function _ZN34GameStateTest_getFinalMessage_Test8TestBodyEv called 1 returned 100% blocks executed 100%
        1:  105:TEST_F(GameStateTest, getFinalMessage) {
        1:  106:    TestGetFinalMessage();
call    0 returned 100%
        1:  107:}
------------------
_ZN34GameStateTest_getFinalMessage_TestC2Ev:
function _ZN34GameStateTest_getFinalMessage_TestC2Ev called 1 returned 100% blocks executed 100%
        1:  105:TEST_F(GameStateTest, getFinalMessage) {
call    0 returned 100%
------------------
        -:  108:
        2:  109:TEST_F(GameStateTest, playerTurn) {
        1:  110:    TestPlayerTurn();
        1:  111:}
------------------
_ZN29GameStateTest_playerTurn_Test8TestBodyEv:
function _ZN29GameStateTest_playerTurn_Test8TestBodyEv called 1 returned 100% blocks executed 100%
        1:  109:TEST_F(GameStateTest, playerTurn) {
        1:  110:    TestPlayerTurn();
call    0 returned 100%
        1:  111:}
------------------
_ZN29GameStateTest_playerTurn_TestC2Ev:
function _ZN29GameStateTest_playerTurn_TestC2Ev called 1 returned 100% blocks executed 100%
        1:  109:TEST_F(GameStateTest, playerTurn) {
call    0 returned 100%
------------------
        -:  112:
        2:  113:TEST_F(GameStateTest, gameStop) {
        1:  114:    TestGameStop();
        1:  115:}
------------------
_ZN27GameStateTest_gameStop_Test8TestBodyEv:
function _ZN27GameStateTest_gameStop_Test8TestBodyEv called 1 returned 100% blocks executed 100%
        1:  113:TEST_F(GameStateTest, gameStop) {
        1:  114:    TestGameStop();
call    0 returned 100%
        1:  115:}
------------------
_ZN27GameStateTest_gameStop_TestC2Ev:
function _ZN27GameStateTest_gameStop_TestC2Ev called 1 returned 100% blocks executed 100%
        1:  113:TEST_F(GameStateTest, gameStop) {
call    0 returned 100%
------------------
        -:  116:
        2:  117:TEST_F(GameStateTest, playAndChangePlayer) {
        1:  118:    TestPlayAndChangePlayer();
        1:  119:}
------------------
_ZN38GameStateTest_playAndChangePlayer_Test8TestBodyEv:
function _ZN38GameStateTest_playAndChangePlayer_Test8TestBodyEv called 1 returned 100% blocks executed 100%
        1:  117:TEST_F(GameStateTest, playAndChangePlayer) {
        1:  118:    TestPlayAndChangePlayer();
call    0 returned 100%
        1:  119:}
------------------
_ZN38GameStateTest_playAndChangePlayer_TestC2Ev:
function _ZN38GameStateTest_playAndChangePlayer_TestC2Ev called 1 returned 100% blocks executed 100%
        1:  117:TEST_F(GameStateTest, playAndChangePlayer) {
call    0 returned 100%
------------------
        -:  120:
        2:  121:TEST_F(GameStateTest, checkAndProcessFinalState) {
        1:  122:    TestCheckAndProcessFinalState();
        1:  123:}
------------------
_ZN44GameStateTest_checkAndProcessFinalState_Test8TestBodyEv:
function _ZN44GameStateTest_checkAndProcessFinalState_Test8TestBodyEv called 1 returned 100% blocks executed 100%
        1:  121:TEST_F(GameStateTest, checkAndProcessFinalState) {
        1:  122:    TestCheckAndProcessFinalState();
call    0 returned 100%
        1:  123:}
------------------
_ZN44GameStateTest_checkAndProcessFinalState_TestC2Ev:
function _ZN44GameStateTest_checkAndProcessFinalState_TestC2Ev called 1 returned 100% blocks executed 100%
        1:  121:TEST_F(GameStateTest, checkAndProcessFinalState) {
call    0 returned 100%
------------------
        -:  124:
        2:  125:TEST_F(GameStateTest, screen) {
        1:  126:    TestScreen();
        1:  127:}
------------------
_ZN25GameStateTest_screen_Test8TestBodyEv:
function _ZN25GameStateTest_screen_Test8TestBodyEv called 1 returned 100% blocks executed 100%
        1:  125:TEST_F(GameStateTest, screen) {
        1:  126:    TestScreen();
call    0 returned 100%
        1:  127:}
------------------
_ZN25GameStateTest_screen_TestC2Ev:
function _ZN25GameStateTest_screen_TestC2Ev called 1 returned 100% blocks executed 100%
        1:  125:TEST_F(GameStateTest, screen) {
call    0 returned 100%
------------------
        -:  128:
        2:  129:TEST_F(GameStateTest, scoreFinalState) {
        1:  130:    TestScoreFinalState();
        1:  131:}
------------------
_ZN34GameStateTest_scoreFinalState_Test8TestBodyEv:
function _ZN34GameStateTest_scoreFinalState_Test8TestBodyEv called 1 returned 100% blocks executed 100%
        1:  129:TEST_F(GameStateTest, scoreFinalState) {
        1:  130:    TestScoreFinalState();
call    0 returned 100%
        1:  131:}
------------------
_ZN34GameStateTest_scoreFinalState_TestC2Ev:
function _ZN34GameStateTest_scoreFinalState_TestC2Ev called 1 returned 100% blocks executed 100%
        1:  129:TEST_F(GameStateTest, scoreFinalState) {
call    0 returned 100%
------------------
