        -:    0:Source:/media/huyenbui117/D/AILab/tic-tac-toe/src/resource_manager.cpp
        -:    1:#include <SFML/Graphics.hpp>
        -:    2:#include <iostream>
        -:    3:
        -:    4:#include "tictactoe/resource_manager.h"
        -:    5:
function _ZN15ResourceManagerC2Ev called 0 returned 0% blocks executed 0%
    #####:    6:ResourceManager::ResourceManager()
call    0 never executed
call    1 never executed
branch  2 never executed
branch  3 never executed
call    4 never executed
branch  5 never executed
branch  6 never executed
call    7 never executed
call    8 never executed
call    9 never executed
        -:    7:{
        -:    8:    // Load the texture for the shapes
    #####:    9:    if (!texture.loadFromFile("resource/image.png"))
call    0 never executed
call    1 never executed
call    2 never executed
branch  3 never executed
branch  4 never executed
call    5 never executed
branch  6 never executed
branch  7 never executed
call    8 never executed
call    9 never executed
branch 10 never executed
branch 11 never executed
call   12 never executed
call   13 never executed
        -:   10:    {
    #####:   11:        std::cerr << "Error loading image.png" << std::endl;
call    0 never executed
branch  1 never executed
branch  2 never executed
call    3 never executed
branch  4 never executed
branch  5 never executed
    #####:   12:        exit(1);
call    0 never executed
        -:   13:    }
        -:   14:
    #####:   15:    if (!buttonTexture.loadFromFile("resource/buttons.png"))
call    0 never executed
call    1 never executed
call    2 never executed
branch  3 never executed
branch  4 never executed
call    5 never executed
branch  6 never executed
branch  7 never executed
call    8 never executed
call    9 never executed
branch 10 never executed
branch 11 never executed
call   12 never executed
call   13 never executed
        -:   16:    {
    #####:   17:        std::cerr << "Error loading buttons.png" << std::endl;
call    0 never executed
branch  1 never executed
branch  2 never executed
call    3 never executed
branch  4 never executed
branch  5 never executed
    #####:   18:        exit(1);
call    0 never executed
        -:   19:    }
        -:   20:
        -:   21:    // Load the font for the text
    #####:   22:    if (!font.loadFromFile("resource/arial.ttf"))
call    0 never executed
call    1 never executed
branch  2 never executed
branch  3 never executed
call    4 never executed
branch  5 never executed
branch  6 never executed
call    7 never executed
call    8 never executed
branch  9 never executed
branch 10 never executed
call   11 never executed
call   12 never executed
        -:   23:    {
    #####:   24:        std::cerr << "Error loading arial.ttf" << std::endl;
call    0 never executed
branch  1 never executed
branch  2 never executed
call    3 never executed
branch  4 never executed
branch  5 never executed
    #####:   25:        exit(1);
call    0 never executed
        -:   26:    }
    #####:   27:}
        -:   28:
        -:   29:// Getters
function _ZN15ResourceManager10getTextureEv called 0 returned 0% blocks executed 0%
    #####:   30:sf::Texture& ResourceManager::getTexture() {
    #####:   31:    return texture;
        -:   32:}
        -:   33:
function _ZN15ResourceManager16getButtonTextureEv called 0 returned 0% blocks executed 0%
    #####:   34:sf::Texture& ResourceManager::getButtonTexture() {
    #####:   35:    return buttonTexture;
        -:   36:}
        -:   37:
function _ZN15ResourceManager7getFontEv called 0 returned 0% blocks executed 0%
    #####:   38:sf::Font& ResourceManager::getFont() {
    #####:   39:    return font;
        -:   40:}
        -:   41:
